This file contains any messages produced by compilers while
running configure, to aid debugging if configure makes a mistake.

It was created by LSMLIB configure 1.0.0, which was
generated by GNU Autoconf 2.65.  Invocation command line was

  $ ./configure 

## --------- ##
## Platform. ##
## --------- ##

hostname = vaio
uname -m = i686
uname -r = 3.5.0-34-generic
uname -s = Linux
uname -v = #55~precise1-Ubuntu SMP Fri Jun 7 16:32:06 UTC 2013

/usr/bin/uname -p = unknown
/bin/uname -X     = unknown

/bin/arch              = unknown
/usr/bin/arch -k       = unknown
/usr/convex/getsysinfo = unknown
/usr/bin/hostinfo      = unknown
/bin/machine           = unknown
/usr/bin/oslevel       = unknown
/bin/universe          = unknown

PATH: /usr/lib/lightdm/lightdm
PATH: /usr/local/sbin
PATH: /usr/local/bin
PATH: /usr/sbin
PATH: /usr/bin
PATH: /sbin
PATH: /bin
PATH: /usr/games


## ----------- ##
## Core tests. ##
## ----------- ##

configure:2381: checking build system type
configure:2395: result: i686-pc-linux-gnu
configure:2415: checking host system type
configure:2428: result: i686-pc-linux-gnu
configure:2448: checking target system type
configure:2461: result: i686-pc-linux-gnu
configure:2515: WARNING: Unknown target architecture...assuming linux...
configure:2579: checking for gcc
configure:2595: found /usr/bin/gcc
configure:2606: result: gcc
configure:2835: checking for C compiler version
configure:2844: gcc --version >&5
gcc (Ubuntu/Linaro 4.6.3-1ubuntu5) 4.6.3
Copyright (C) 2011 Free Software Foundation, Inc.
This is free software; see the source for copying conditions.  There is NO
warranty; not even for MERCHANTABILITY or FITNESS FOR A PARTICULAR PURPOSE.

configure:2855: $? = 0
configure:2844: gcc -v >&5
Using built-in specs.
COLLECT_GCC=gcc
COLLECT_LTO_WRAPPER=/usr/lib/gcc/i686-linux-gnu/4.6/lto-wrapper
Target: i686-linux-gnu
Configured with: ../src/configure -v --with-pkgversion='Ubuntu/Linaro 4.6.3-1ubuntu5' --with-bugurl=file:///usr/share/doc/gcc-4.6/README.Bugs --enable-languages=c,c++,fortran,objc,obj-c++ --prefix=/usr --program-suffix=-4.6 --enable-shared --enable-linker-build-id --with-system-zlib --libexecdir=/usr/lib --without-included-gettext --enable-threads=posix --with-gxx-include-dir=/usr/include/c++/4.6 --libdir=/usr/lib --enable-nls --with-sysroot=/ --enable-clocale=gnu --enable-libstdcxx-debug --enable-libstdcxx-time=yes --enable-gnu-unique-object --enable-plugin --enable-objc-gc --enable-targets=all --disable-werror --with-arch-32=i686 --with-tune=generic --enable-checking=release --build=i686-linux-gnu --host=i686-linux-gnu --target=i686-linux-gnu
Thread model: posix
gcc version 4.6.3 (Ubuntu/Linaro 4.6.3-1ubuntu5) 
configure:2855: $? = 0
configure:2844: gcc -V >&5
gcc: error: unrecognized option '-V'
gcc: fatal error: no input files
compilation terminated.
configure:2855: $? = 4
configure:2844: gcc -qversion >&5
gcc: error: unrecognized option '-qversion'
gcc: fatal error: no input files
compilation terminated.
configure:2855: $? = 4
configure:2875: checking whether the C compiler works
configure:2897: gcc    conftest.c  >&5
configure:2901: $? = 0
configure:2950: result: yes
configure:2953: checking for C compiler default output file name
configure:2955: result: a.out
configure:2961: checking for suffix of executables
configure:2968: gcc -o conftest    conftest.c  >&5
configure:2972: $? = 0
configure:2994: result: 
configure:3016: checking whether we are cross compiling
configure:3024: gcc -o conftest    conftest.c  >&5
configure:3028: $? = 0
configure:3035: ./conftest
configure:3039: $? = 0
configure:3054: result: no
configure:3059: checking for suffix of object files
configure:3081: gcc -c   conftest.c >&5
configure:3085: $? = 0
configure:3106: result: o
configure:3110: checking whether we are using the GNU C compiler
configure:3129: gcc -c   conftest.c >&5
configure:3129: $? = 0
configure:3138: result: yes
configure:3147: checking whether gcc accepts -g
configure:3167: gcc -c -g  conftest.c >&5
configure:3167: $? = 0
configure:3208: result: yes
configure:3225: checking for gcc option to accept ISO C89
configure:3289: gcc  -c -g -O2  conftest.c >&5
configure:3289: $? = 0
configure:3302: result: none needed
configure:3380: checking for g++
configure:3396: found /usr/bin/g++
configure:3407: result: g++
configure:3434: checking for C++ compiler version
configure:3443: g++ --version >&5
g++ (Ubuntu/Linaro 4.6.3-1ubuntu5) 4.6.3
Copyright (C) 2011 Free Software Foundation, Inc.
This is free software; see the source for copying conditions.  There is NO
warranty; not even for MERCHANTABILITY or FITNESS FOR A PARTICULAR PURPOSE.

configure:3454: $? = 0
configure:3443: g++ -v >&5
Using built-in specs.
COLLECT_GCC=g++
COLLECT_LTO_WRAPPER=/usr/lib/gcc/i686-linux-gnu/4.6/lto-wrapper
Target: i686-linux-gnu
Configured with: ../src/configure -v --with-pkgversion='Ubuntu/Linaro 4.6.3-1ubuntu5' --with-bugurl=file:///usr/share/doc/gcc-4.6/README.Bugs --enable-languages=c,c++,fortran,objc,obj-c++ --prefix=/usr --program-suffix=-4.6 --enable-shared --enable-linker-build-id --with-system-zlib --libexecdir=/usr/lib --without-included-gettext --enable-threads=posix --with-gxx-include-dir=/usr/include/c++/4.6 --libdir=/usr/lib --enable-nls --with-sysroot=/ --enable-clocale=gnu --enable-libstdcxx-debug --enable-libstdcxx-time=yes --enable-gnu-unique-object --enable-plugin --enable-objc-gc --enable-targets=all --disable-werror --with-arch-32=i686 --with-tune=generic --enable-checking=release --build=i686-linux-gnu --host=i686-linux-gnu --target=i686-linux-gnu
Thread model: posix
gcc version 4.6.3 (Ubuntu/Linaro 4.6.3-1ubuntu5) 
configure:3454: $? = 0
configure:3443: g++ -V >&5
g++: error: unrecognized option '-V'
g++: fatal error: no input files
compilation terminated.
configure:3454: $? = 4
configure:3443: g++ -qversion >&5
g++: error: unrecognized option '-qversion'
g++: fatal error: no input files
compilation terminated.
configure:3454: $? = 4
configure:3458: checking whether we are using the GNU C++ compiler
configure:3477: g++ -c   conftest.cpp >&5
configure:3477: $? = 0
configure:3486: result: yes
configure:3495: checking whether g++ accepts -g
configure:3515: g++ -c -g  conftest.cpp >&5
configure:3515: $? = 0
configure:3556: result: yes
configure:3584: checking how to run the C++ preprocessor
configure:3611: g++ -E  conftest.cpp
configure:3611: $? = 0
configure:3625: g++ -E  conftest.cpp
conftest.cpp:9:28: fatal error: ac_nonexistent.h: No such file or directory
compilation terminated.
configure:3625: $? = 1
configure: failed program was:
| /* confdefs.h */
| #define PACKAGE_NAME "LSMLIB"
| #define PACKAGE_TARNAME "lsmlib"
| #define PACKAGE_VERSION "1.0.0"
| #define PACKAGE_STRING "LSMLIB 1.0.0"
| #define PACKAGE_BUGREPORT "ktchu@serendipityresearch.org"
| #define PACKAGE_URL ""
| /* end confdefs.h.  */
| #include <ac_nonexistent.h>
configure:3650: result: g++ -E
configure:3670: g++ -E  conftest.cpp
configure:3670: $? = 0
configure:3684: g++ -E  conftest.cpp
conftest.cpp:9:28: fatal error: ac_nonexistent.h: No such file or directory
compilation terminated.
configure:3684: $? = 1
configure: failed program was:
| /* confdefs.h */
| #define PACKAGE_NAME "LSMLIB"
| #define PACKAGE_TARNAME "lsmlib"
| #define PACKAGE_VERSION "1.0.0"
| #define PACKAGE_STRING "LSMLIB 1.0.0"
| #define PACKAGE_BUGREPORT "ktchu@serendipityresearch.org"
| #define PACKAGE_URL ""
| /* end confdefs.h.  */
| #include <ac_nonexistent.h>
configure:3765: checking for g77
configure:3795: result: no
configure:3765: checking for xlf
configure:3795: result: no
configure:3765: checking for f77
configure:3795: result: no
configure:3765: checking for frt
configure:3795: result: no
configure:3765: checking for pgf77
configure:3795: result: no
configure:3765: checking for cf77
configure:3795: result: no
configure:3765: checking for fort77
configure:3795: result: no
configure:3765: checking for fl32
configure:3795: result: no
configure:3765: checking for af77
configure:3795: result: no
configure:3765: checking for xlf90
configure:3795: result: no
configure:3765: checking for f90
configure:3795: result: no
configure:3765: checking for pgf90
configure:3795: result: no
configure:3765: checking for pghpf
configure:3795: result: no
configure:3765: checking for epcf90
configure:3795: result: no
configure:3765: checking for gfortran
configure:3781: found /usr/bin/gfortran
configure:3792: result: gfortran
configure:3818: checking for Fortran 77 compiler version
configure:3827: gfortran --version >&5
GNU Fortran (Ubuntu/Linaro 4.6.3-1ubuntu5) 4.6.3
Copyright (C) 2011 Free Software Foundation, Inc.

GNU Fortran comes with NO WARRANTY, to the extent permitted by law.
You may redistribute copies of GNU Fortran
under the terms of the GNU General Public License.
For more information about these matters, see the file named COPYING

configure:3838: $? = 0
configure:3827: gfortran -v >&5
Using built-in specs.
COLLECT_GCC=gfortran
COLLECT_LTO_WRAPPER=/usr/lib/gcc/i686-linux-gnu/4.6/lto-wrapper
Target: i686-linux-gnu
Configured with: ../src/configure -v --with-pkgversion='Ubuntu/Linaro 4.6.3-1ubuntu5' --with-bugurl=file:///usr/share/doc/gcc-4.6/README.Bugs --enable-languages=c,c++,fortran,objc,obj-c++ --prefix=/usr --program-suffix=-4.6 --enable-shared --enable-linker-build-id --with-system-zlib --libexecdir=/usr/lib --without-included-gettext --enable-threads=posix --with-gxx-include-dir=/usr/include/c++/4.6 --libdir=/usr/lib --enable-nls --with-sysroot=/ --enable-clocale=gnu --enable-libstdcxx-debug --enable-libstdcxx-time=yes --enable-gnu-unique-object --enable-plugin --enable-objc-gc --enable-targets=all --disable-werror --with-arch-32=i686 --with-tune=generic --enable-checking=release --build=i686-linux-gnu --host=i686-linux-gnu --target=i686-linux-gnu
Thread model: posix
gcc version 4.6.3 (Ubuntu/Linaro 4.6.3-1ubuntu5) 
configure:3838: $? = 0
configure:3827: gfortran -V >&5
gfortran: error: unrecognized option '-V'
gfortran: fatal error: no input files
compilation terminated.
configure:3838: $? = 4
configure:3827: gfortran -qversion >&5
gfortran: error: unrecognized option '-qversion'
gfortran: fatal error: no input files
compilation terminated.
configure:3838: $? = 4
configure:3847: checking whether we are using the GNU Fortran 77 compiler
configure:3860: gfortran -c  conftest.F >&5
configure:3860: $? = 0
configure:3869: result: yes
configure:3875: checking whether gfortran accepts -g
configure:3886: gfortran -c -g conftest.f >&5
configure:3886: $? = 0
configure:3894: result: yes
configure:3945: checking for cp
configure:3961: found /bin/cp
configure:3972: result: cp
configure:3987: checking for rm
configure:4003: found /bin/rm
configure:4014: result: rm
configure:4029: checking for mv
configure:4045: found /bin/mv
configure:4056: result: mv
configure:4071: checking for mkdir
configure:4087: found /bin/mkdir
configure:4098: result: mkdir
configure:4113: checking for ar
configure:4129: found /usr/bin/ar
configure:4140: result: ar
configure:4155: checking for xargs
configure:4171: found /usr/bin/xargs
configure:4182: result: xargs
configure:4197: checking for sed
configure:4213: found /bin/sed
configure:4224: result: sed
configure:4239: checking for awk
configure:4255: found /usr/bin/awk
configure:4266: result: awk
configure:4281: checking for find
configure:4297: found /usr/bin/find
configure:4308: result: find
configure:4323: checking for make
configure:4339: found /usr/bin/make
configure:4350: result: make
configure:4365: checking for install
configure:4381: found /usr/bin/install
configure:4392: result: install
configure:4403: checking whether make sets $(MAKE)
configure:4425: result: yes
configure:4477: checking for ranlib
configure:4493: found /usr/bin/ranlib
configure:4504: result: ranlib
configure:4539: checking SAMRAI library
configure:4550: result: configured without SAMRAI...parallel functionality unavailable
configure:5469: checking MATLAB configuration
configure:5480: result: configured without MATLAB...MEX-file generation unavailable
configure:5588: checking how to run the C preprocessor
configure:5619: gcc -E  conftest.c
configure:5619: $? = 0
configure:5633: gcc -E  conftest.c
conftest.c:9:28: fatal error: ac_nonexistent.h: No such file or directory
compilation terminated.
configure:5633: $? = 1
configure: failed program was:
| /* confdefs.h */
| #define PACKAGE_NAME "LSMLIB"
| #define PACKAGE_TARNAME "lsmlib"
| #define PACKAGE_VERSION "1.0.0"
| #define PACKAGE_STRING "LSMLIB 1.0.0"
| #define PACKAGE_BUGREPORT "ktchu@serendipityresearch.org"
| #define PACKAGE_URL ""
| /* end confdefs.h.  */
| #include <ac_nonexistent.h>
configure:5658: result: gcc -E
configure:5678: gcc -E  conftest.c
configure:5678: $? = 0
configure:5692: gcc -E  conftest.c
conftest.c:9:28: fatal error: ac_nonexistent.h: No such file or directory
compilation terminated.
configure:5692: $? = 1
configure: failed program was:
| /* confdefs.h */
| #define PACKAGE_NAME "LSMLIB"
| #define PACKAGE_TARNAME "lsmlib"
| #define PACKAGE_VERSION "1.0.0"
| #define PACKAGE_STRING "LSMLIB 1.0.0"
| #define PACKAGE_BUGREPORT "ktchu@serendipityresearch.org"
| #define PACKAGE_URL ""
| /* end confdefs.h.  */
| #include <ac_nonexistent.h>
configure:5721: checking for grep that handles long lines and -e
configure:5779: result: /bin/grep
configure:5784: checking for egrep
configure:5846: result: /bin/grep -E
configure:5851: checking for ANSI C header files
configure:5871: gcc -c -g -O2  conftest.c >&5
configure:5871: $? = 0
configure:5944: gcc -o conftest -g -O2   conftest.c  >&5
configure:5944: $? = 0
configure:5944: ./conftest
configure:5944: $? = 0
configure:5955: result: yes
configure:5968: checking for sys/types.h
configure:5968: gcc -c -g -O2  conftest.c >&5
configure:5968: $? = 0
configure:5968: result: yes
configure:5968: checking for sys/stat.h
configure:5968: gcc -c -g -O2  conftest.c >&5
configure:5968: $? = 0
configure:5968: result: yes
configure:5968: checking for stdlib.h
configure:5968: gcc -c -g -O2  conftest.c >&5
configure:5968: $? = 0
configure:5968: result: yes
configure:5968: checking for string.h
configure:5968: gcc -c -g -O2  conftest.c >&5
configure:5968: $? = 0
configure:5968: result: yes
configure:5968: checking for memory.h
configure:5968: gcc -c -g -O2  conftest.c >&5
configure:5968: $? = 0
configure:5968: result: yes
configure:5968: checking for strings.h
configure:5968: gcc -c -g -O2  conftest.c >&5
configure:5968: $? = 0
configure:5968: result: yes
configure:5968: checking for inttypes.h
configure:5968: gcc -c -g -O2  conftest.c >&5
configure:5968: $? = 0
configure:5968: result: yes
configure:5968: checking for stdint.h
configure:5968: gcc -c -g -O2  conftest.c >&5
configure:5968: $? = 0
configure:5968: result: yes
configure:5968: checking for unistd.h
configure:5968: gcc -c -g -O2  conftest.c >&5
configure:5968: $? = 0
configure:5968: result: yes
configure:5984: checking float.h usability
configure:5984: gcc -c -g -O2  conftest.c >&5
configure:5984: $? = 0
configure:5984: result: yes
configure:5984: checking float.h presence
configure:5984: gcc -E  conftest.c
configure:5984: $? = 0
configure:5984: result: yes
configure:5984: checking for float.h
configure:5984: result: yes
configure:5984: checking limits.h usability
configure:5984: gcc -c -g -O2  conftest.c >&5
configure:5984: $? = 0
configure:5984: result: yes
configure:5984: checking limits.h presence
configure:5984: gcc -E  conftest.c
configure:5984: $? = 0
configure:5984: result: yes
configure:5984: checking for limits.h
configure:5984: result: yes
configure:6000: checking for stdbool.h that conforms to C99
configure:6085: gcc -c -g -O2  conftest.c >&5
configure:6085: $? = 0
configure:6092: result: yes
configure:6094: checking for _Bool
configure:6094: gcc -c -g -O2  conftest.c >&5
configure:6094: $? = 0
configure:6094: gcc -c -g -O2  conftest.c >&5
conftest.c: In function 'main':
conftest.c:57:20: error: expected expression before ')' token
configure:6094: $? = 1
configure: failed program was:
| /* confdefs.h */
| #define PACKAGE_NAME "LSMLIB"
| #define PACKAGE_TARNAME "lsmlib"
| #define PACKAGE_VERSION "1.0.0"
| #define PACKAGE_STRING "LSMLIB 1.0.0"
| #define PACKAGE_BUGREPORT "ktchu@serendipityresearch.org"
| #define PACKAGE_URL ""
| #define STDC_HEADERS 1
| #define HAVE_SYS_TYPES_H 1
| #define HAVE_SYS_STAT_H 1
| #define HAVE_STDLIB_H 1
| #define HAVE_STRING_H 1
| #define HAVE_MEMORY_H 1
| #define HAVE_STRINGS_H 1
| #define HAVE_INTTYPES_H 1
| #define HAVE_STDINT_H 1
| #define HAVE_UNISTD_H 1
| #define HAVE_FLOAT_H 1
| #define HAVE_LIMITS_H 1
| /* end confdefs.h.  */
| #include <stdio.h>
| #ifdef HAVE_SYS_TYPES_H
| # include <sys/types.h>
| #endif
| #ifdef HAVE_SYS_STAT_H
| # include <sys/stat.h>
| #endif
| #ifdef STDC_HEADERS
| # include <stdlib.h>
| # include <stddef.h>
| #else
| # ifdef HAVE_STDLIB_H
| #  include <stdlib.h>
| # endif
| #endif
| #ifdef HAVE_STRING_H
| # if !defined STDC_HEADERS && defined HAVE_MEMORY_H
| #  include <memory.h>
| # endif
| # include <string.h>
| #endif
| #ifdef HAVE_STRINGS_H
| # include <strings.h>
| #endif
| #ifdef HAVE_INTTYPES_H
| # include <inttypes.h>
| #endif
| #ifdef HAVE_STDINT_H
| # include <stdint.h>
| #endif
| #ifdef HAVE_UNISTD_H
| # include <unistd.h>
| #endif
| int
| main ()
| {
| if (sizeof ((_Bool)))
| 	    return 0;
|   ;
|   return 0;
| }
configure:6094: result: yes
configure:6110: checking for an ANSI C-conforming const
configure:6175: gcc -c -g -O2  conftest.c >&5
configure:6175: $? = 0
configure:6182: result: yes
configure:6190: checking for inline
configure:6206: gcc -c -g -O2  conftest.c >&5
configure:6206: $? = 0
configure:6214: result: inline
configure:6237: checking whether to use implicit-template-instantiation
configure:6246: result: no
configure:6269: checking whether to build single-precision library
configure:6278: result: no
configure:6359: checking build mode
configure:6670: result: optimize
configure:6704: checking for stdlib.h
configure:6704: result: yes
configure:6714: checking for GNU libc compatible malloc
configure:6738: gcc -o conftest -O3 -funroll-loops -fPIC -g -O2   conftest.c  >&5
configure:6738: $? = 0
configure:6738: ./conftest
configure:6738: $? = 0
configure:6748: result: yes
configure:6772: checking for sqrt
configure:6772: gcc -o conftest -O3 -funroll-loops -fPIC -g -O2   conftest.c  >&5
conftest.c:54:6: warning: conflicting types for built-in function 'sqrt' [enabled by default]
/tmp/ccQ5hVhD.o: In function `main':
/home/andrea/Dropbox/CIRAM/link_LSfire/LS+/lsmlib-1.0.1/conftest.c:65: undefined reference to `sqrt'
collect2: ld returned 1 exit status
configure:6772: $? = 1
configure: failed program was:
| /* confdefs.h */
| #define PACKAGE_NAME "LSMLIB"
| #define PACKAGE_TARNAME "lsmlib"
| #define PACKAGE_VERSION "1.0.0"
| #define PACKAGE_STRING "LSMLIB 1.0.0"
| #define PACKAGE_BUGREPORT "ktchu@serendipityresearch.org"
| #define PACKAGE_URL ""
| #define STDC_HEADERS 1
| #define HAVE_SYS_TYPES_H 1
| #define HAVE_SYS_STAT_H 1
| #define HAVE_STDLIB_H 1
| #define HAVE_STRING_H 1
| #define HAVE_MEMORY_H 1
| #define HAVE_STRINGS_H 1
| #define HAVE_INTTYPES_H 1
| #define HAVE_STDINT_H 1
| #define HAVE_UNISTD_H 1
| #define HAVE_FLOAT_H 1
| #define HAVE_LIMITS_H 1
| #define HAVE__BOOL 1
| #define HAVE_STDBOOL_H 1
| #define LSMLIB_DOUBLE_PRECISION 1
| #define LSMLIB_REAL double
| #define LSMLIB_ZERO_TOL 1.e-11
| #define LSMLIB_REAL_MAX DBL_MAX
| #define LSMLIB_REAL_MIN DBL_MIN
| #define LSMLIB_REAL_EPSILON DBL_EPSILON
| #define HAVE_STDLIB_H 1
| #define HAVE_MALLOC 1
| /* end confdefs.h.  */
| /* Define sqrt to an innocuous variant, in case <limits.h> declares sqrt.
|    For example, HP-UX 11i <limits.h> declares gettimeofday.  */
| #define sqrt innocuous_sqrt
| 
| /* System header to define __stub macros and hopefully few prototypes,
|     which can conflict with char sqrt (); below.
|     Prefer <limits.h> to <assert.h> if __STDC__ is defined, since
|     <limits.h> exists even on freestanding compilers.  */
| 
| #ifdef __STDC__
| # include <limits.h>
| #else
| # include <assert.h>
| #endif
| 
| #undef sqrt
| 
| /* Override any GCC internal prototype to avoid an error.
|    Use char because int might match the return type of a GCC
|    builtin and then its argument prototype would still apply.  */
| #ifdef __cplusplus
| extern "C"
| #endif
| char sqrt ();
| /* The GNU C library defines this for functions which it implements
|     to always fail with ENOSYS.  Some functions are actually named
|     something starting with __ and the normal name is an alias.  */
| #if defined __stub_sqrt || defined __stub___sqrt
| choke me
| #endif
| 
| int
| main ()
| {
| return sqrt ();
|   ;
|   return 0;
| }
configure:6772: result: no
configure:6772: checking for floor
configure:6772: gcc -o conftest -O3 -funroll-loops -fPIC -g -O2   conftest.c  >&5
conftest.c:54:6: warning: conflicting types for built-in function 'floor' [enabled by default]
/tmp/ccUHN4KS.o: In function `main':
/home/andrea/Dropbox/CIRAM/link_LSfire/LS+/lsmlib-1.0.1/conftest.c:65: undefined reference to `floor'
collect2: ld returned 1 exit status
configure:6772: $? = 1
configure: failed program was:
| /* confdefs.h */
| #define PACKAGE_NAME "LSMLIB"
| #define PACKAGE_TARNAME "lsmlib"
| #define PACKAGE_VERSION "1.0.0"
| #define PACKAGE_STRING "LSMLIB 1.0.0"
| #define PACKAGE_BUGREPORT "ktchu@serendipityresearch.org"
| #define PACKAGE_URL ""
| #define STDC_HEADERS 1
| #define HAVE_SYS_TYPES_H 1
| #define HAVE_SYS_STAT_H 1
| #define HAVE_STDLIB_H 1
| #define HAVE_STRING_H 1
| #define HAVE_MEMORY_H 1
| #define HAVE_STRINGS_H 1
| #define HAVE_INTTYPES_H 1
| #define HAVE_STDINT_H 1
| #define HAVE_UNISTD_H 1
| #define HAVE_FLOAT_H 1
| #define HAVE_LIMITS_H 1
| #define HAVE__BOOL 1
| #define HAVE_STDBOOL_H 1
| #define LSMLIB_DOUBLE_PRECISION 1
| #define LSMLIB_REAL double
| #define LSMLIB_ZERO_TOL 1.e-11
| #define LSMLIB_REAL_MAX DBL_MAX
| #define LSMLIB_REAL_MIN DBL_MIN
| #define LSMLIB_REAL_EPSILON DBL_EPSILON
| #define HAVE_STDLIB_H 1
| #define HAVE_MALLOC 1
| /* end confdefs.h.  */
| /* Define floor to an innocuous variant, in case <limits.h> declares floor.
|    For example, HP-UX 11i <limits.h> declares gettimeofday.  */
| #define floor innocuous_floor
| 
| /* System header to define __stub macros and hopefully few prototypes,
|     which can conflict with char floor (); below.
|     Prefer <limits.h> to <assert.h> if __STDC__ is defined, since
|     <limits.h> exists even on freestanding compilers.  */
| 
| #ifdef __STDC__
| # include <limits.h>
| #else
| # include <assert.h>
| #endif
| 
| #undef floor
| 
| /* Override any GCC internal prototype to avoid an error.
|    Use char because int might match the return type of a GCC
|    builtin and then its argument prototype would still apply.  */
| #ifdef __cplusplus
| extern "C"
| #endif
| char floor ();
| /* The GNU C library defines this for functions which it implements
|     to always fail with ENOSYS.  Some functions are actually named
|     something starting with __ and the normal name is an alias.  */
| #if defined __stub_floor || defined __stub___floor
| choke me
| #endif
| 
| int
| main ()
| {
| return floor ();
|   ;
|   return 0;
| }
configure:6772: result: no
configure:6772: checking for pow
configure:6772: gcc -o conftest -O3 -funroll-loops -fPIC -g -O2   conftest.c  >&5
conftest.c:54:6: warning: conflicting types for built-in function 'pow' [enabled by default]
/tmp/ccW0VrG9.o: In function `main':
/home/andrea/Dropbox/CIRAM/link_LSfire/LS+/lsmlib-1.0.1/conftest.c:65: undefined reference to `pow'
collect2: ld returned 1 exit status
configure:6772: $? = 1
configure: failed program was:
| /* confdefs.h */
| #define PACKAGE_NAME "LSMLIB"
| #define PACKAGE_TARNAME "lsmlib"
| #define PACKAGE_VERSION "1.0.0"
| #define PACKAGE_STRING "LSMLIB 1.0.0"
| #define PACKAGE_BUGREPORT "ktchu@serendipityresearch.org"
| #define PACKAGE_URL ""
| #define STDC_HEADERS 1
| #define HAVE_SYS_TYPES_H 1
| #define HAVE_SYS_STAT_H 1
| #define HAVE_STDLIB_H 1
| #define HAVE_STRING_H 1
| #define HAVE_MEMORY_H 1
| #define HAVE_STRINGS_H 1
| #define HAVE_INTTYPES_H 1
| #define HAVE_STDINT_H 1
| #define HAVE_UNISTD_H 1
| #define HAVE_FLOAT_H 1
| #define HAVE_LIMITS_H 1
| #define HAVE__BOOL 1
| #define HAVE_STDBOOL_H 1
| #define LSMLIB_DOUBLE_PRECISION 1
| #define LSMLIB_REAL double
| #define LSMLIB_ZERO_TOL 1.e-11
| #define LSMLIB_REAL_MAX DBL_MAX
| #define LSMLIB_REAL_MIN DBL_MIN
| #define LSMLIB_REAL_EPSILON DBL_EPSILON
| #define HAVE_STDLIB_H 1
| #define HAVE_MALLOC 1
| /* end confdefs.h.  */
| /* Define pow to an innocuous variant, in case <limits.h> declares pow.
|    For example, HP-UX 11i <limits.h> declares gettimeofday.  */
| #define pow innocuous_pow
| 
| /* System header to define __stub macros and hopefully few prototypes,
|     which can conflict with char pow (); below.
|     Prefer <limits.h> to <assert.h> if __STDC__ is defined, since
|     <limits.h> exists even on freestanding compilers.  */
| 
| #ifdef __STDC__
| # include <limits.h>
| #else
| # include <assert.h>
| #endif
| 
| #undef pow
| 
| /* Override any GCC internal prototype to avoid an error.
|    Use char because int might match the return type of a GCC
|    builtin and then its argument prototype would still apply.  */
| #ifdef __cplusplus
| extern "C"
| #endif
| char pow ();
| /* The GNU C library defines this for functions which it implements
|     to always fail with ENOSYS.  Some functions are actually named
|     something starting with __ and the normal name is an alias.  */
| #if defined __stub_pow || defined __stub___pow
| choke me
| #endif
| 
| int
| main ()
| {
| return pow ();
|   ;
|   return 0;
| }
configure:6772: result: no
configure:6892: creating ./config.status

## ---------------------- ##
## Running config.status. ##
## ---------------------- ##

This file was extended by LSMLIB config.status 1.0.0, which was
generated by GNU Autoconf 2.65.  Invocation command line was

  CONFIG_FILES    = 
  CONFIG_HEADERS  = 
  CONFIG_LINKS    = 
  CONFIG_COMMANDS = 
  $ ./config.status 

on vaio

config.status:951: creating config/Makefile.config
config.status:951: creating config/Makefile.config.MATLAB
config.status:951: creating Makefile
config.status:951: creating src/Makefile
config.status:951: creating src/matlab/Makefile
config.status:951: creating src/matlab/fast_marching_method/Makefile
config.status:951: creating src/matlab/level_set_evolution/Makefile
config.status:951: creating src/matlab/reinitialization/Makefile
config.status:951: creating src/matlab/spatial_derivatives/Makefile
config.status:951: creating src/matlab/time_integration/Makefile
config.status:951: creating src/parallel/Makefile
config.status:951: creating src/parallel/Makefile.depend
config.status:951: creating src/parallel/fortran/Makefile
config.status:951: creating src/parallel/templates/Makefile
config.status:951: creating src/parallel/templates/Makefile.depend
config.status:951: creating src/serial/Makefile
config.status:951: creating src/serial/Makefile.depend
config.status:951: creating src/toolbox/Makefile
config.status:951: creating src/toolbox/boundary_conditions/Makefile
config.status:951: creating src/toolbox/fast_marching_method/Makefile
config.status:951: creating src/toolbox/fast_marching_method/Makefile.depend
config.status:951: creating src/toolbox/field_extension/Makefile
config.status:951: creating src/toolbox/geometry/Makefile
config.status:951: creating src/toolbox/geometry/lsm_curvature2d.f
config.status:951: creating src/toolbox/geometry/lsm_curvature2d_local.f
config.status:951: creating src/toolbox/geometry/lsm_curvature3d.f
config.status:951: creating src/toolbox/geometry/lsm_curvature3d_local.f
config.status:951: creating src/toolbox/geometry/lsm_geometry1d.f
config.status:951: creating src/toolbox/geometry/lsm_geometry2d.f
config.status:951: creating src/toolbox/geometry/lsm_geometry2d_local.f
config.status:951: creating src/toolbox/geometry/lsm_geometry3d_fort.f
config.status:951: creating src/toolbox/geometry/test/Makefile
config.status:951: creating src/toolbox/level_set_evolution/Makefile
config.status:951: creating src/toolbox/level_set_evolution/lsm_level_set_evolution1d.f
config.status:951: creating src/toolbox/level_set_evolution/lsm_level_set_evolution2d.f
config.status:951: creating src/toolbox/level_set_evolution/lsm_level_set_evolution2d_local.f
config.status:951: creating src/toolbox/level_set_evolution/lsm_level_set_evolution3d.f
config.status:951: creating src/toolbox/level_set_evolution/lsm_level_set_evolution3d_local.f
config.status:951: creating src/toolbox/localization/Makefile
config.status:951: creating src/toolbox/reinitialization/Makefile
config.status:951: creating src/toolbox/reinitialization/lsm_reinitialization1d.f
config.status:951: creating src/toolbox/reinitialization/lsm_reinitialization2d.f
config.status:951: creating src/toolbox/reinitialization/lsm_reinitialization2d_local.f
config.status:951: creating src/toolbox/reinitialization/lsm_reinitialization3d.f
config.status:951: creating src/toolbox/reinitialization/lsm_reinitialization3d_local.f
config.status:951: creating src/toolbox/spatial_derivatives/Makefile
config.status:951: creating src/toolbox/spatial_derivatives/lsm_spatial_derivatives1d.f
config.status:951: creating src/toolbox/spatial_derivatives/lsm_spatial_derivatives2d.f
config.status:951: creating src/toolbox/spatial_derivatives/lsm_spatial_derivatives2d_local.f
config.status:951: creating src/toolbox/spatial_derivatives/lsm_spatial_derivatives3d.f
config.status:951: creating src/toolbox/spatial_derivatives/lsm_spatial_derivatives3d_local.f
config.status:951: creating src/toolbox/time_integration/Makefile
config.status:951: creating src/toolbox/utilities/Makefile
config.status:951: creating src/toolbox/utilities/lsm_calculus_toolbox2d.f
config.status:951: creating src/toolbox/utilities/lsm_calculus_toolbox2d_local.f
config.status:951: creating src/toolbox/utilities/lsm_calculus_toolbox3d.f
config.status:951: creating src/toolbox/utilities/lsm_utilities1d.f
config.status:951: creating src/toolbox/utilities/lsm_utilities2d.f
config.status:951: creating src/toolbox/utilities/lsm_utilities3d.f
config.status:951: creating src/toolbox/utilities/lsm_utilities2d_local.f
config.status:951: creating src/toolbox/utilities/lsm_utilities3d_local.f
config.status:951: creating examples/Makefile
config.status:951: creating examples/parallel/Makefile
config.status:951: creating examples/parallel/2d/Makefile
config.status:951: creating examples/parallel/2d/advection/Makefile
config.status:951: creating examples/parallel/2d/field_extension/Makefile
config.status:951: creating examples/parallel/2d/normal_velocity_motion/Makefile
config.status:951: creating examples/parallel/2d/toolbox/Makefile
config.status:951: creating examples/parallel/2d/vector_level_sets/Makefile
config.status:951: creating examples/parallel/3d/Makefile
config.status:951: creating examples/parallel/3d/advection/Makefile
config.status:951: creating examples/parallel/3d/field_extension/Makefile
config.status:951: creating examples/parallel/3d/normal_velocity_motion/Makefile
config.status:951: creating examples/parallel/3d/orthogonalization/Makefile
config.status:951: creating examples/parallel/3d/toolbox/Makefile
config.status:951: creating examples/serial/Makefile
config.status:951: creating examples/serial/curvature_example/Makefile
config.status:951: creating examples/serial/fast_marching_method/Makefile
config.status:951: creating examples/serial/reinitialization_example/Makefile
config.status:951: creating examples/toolbox/Makefile
config.status:951: creating examples/toolbox/boundary_conditions/Makefile
config.status:951: creating examples/toolbox/fast_marching_method/Makefile
config.status:951: creating config/LSMLIB_config.h
config.status:1112: config/LSMLIB_config.h is unchanged

## ---------------- ##
## Cache variables. ##
## ---------------- ##

ac_cv_build=i686-pc-linux-gnu
ac_cv_c_compiler_gnu=yes
ac_cv_c_const=yes
ac_cv_c_inline=inline
ac_cv_cxx_compiler_gnu=yes
ac_cv_env_CCC_set=
ac_cv_env_CCC_value=
ac_cv_env_CC_set=
ac_cv_env_CC_value=
ac_cv_env_CFLAGS_set=
ac_cv_env_CFLAGS_value=
ac_cv_env_CPPFLAGS_set=
ac_cv_env_CPPFLAGS_value=
ac_cv_env_CPP_set=
ac_cv_env_CPP_value=
ac_cv_env_CXXCPP_set=
ac_cv_env_CXXCPP_value=
ac_cv_env_CXXFLAGS_set=
ac_cv_env_CXXFLAGS_value=
ac_cv_env_CXX_set=
ac_cv_env_CXX_value=
ac_cv_env_F77_set=
ac_cv_env_F77_value=
ac_cv_env_FFLAGS_set=
ac_cv_env_FFLAGS_value=
ac_cv_env_LDFLAGS_set=
ac_cv_env_LDFLAGS_value=
ac_cv_env_LIBS_set=
ac_cv_env_LIBS_value=
ac_cv_env_build_alias_set=
ac_cv_env_build_alias_value=
ac_cv_env_host_alias_set=
ac_cv_env_host_alias_value=
ac_cv_env_target_alias_set=
ac_cv_env_target_alias_value=
ac_cv_f77_compiler_gnu=yes
ac_cv_func_floor=no
ac_cv_func_malloc_0_nonnull=yes
ac_cv_func_pow=no
ac_cv_func_sqrt=no
ac_cv_header_float_h=yes
ac_cv_header_inttypes_h=yes
ac_cv_header_limits_h=yes
ac_cv_header_memory_h=yes
ac_cv_header_stdbool_h=yes
ac_cv_header_stdc=yes
ac_cv_header_stdint_h=yes
ac_cv_header_stdlib_h=yes
ac_cv_header_string_h=yes
ac_cv_header_strings_h=yes
ac_cv_header_sys_stat_h=yes
ac_cv_header_sys_types_h=yes
ac_cv_header_unistd_h=yes
ac_cv_host=i686-pc-linux-gnu
ac_cv_objext=o
ac_cv_path_EGREP='/bin/grep -E'
ac_cv_path_GREP=/bin/grep
ac_cv_prog_AR=ar
ac_cv_prog_AWK=awk
ac_cv_prog_CP=cp
ac_cv_prog_CPP='gcc -E'
ac_cv_prog_CXXCPP='g++ -E'
ac_cv_prog_FIND=find
ac_cv_prog_INSTALL=install
ac_cv_prog_MAKE=make
ac_cv_prog_MKDIR=mkdir
ac_cv_prog_MV=mv
ac_cv_prog_RM=rm
ac_cv_prog_SED=sed
ac_cv_prog_XARGS=xargs
ac_cv_prog_ac_ct_CC=gcc
ac_cv_prog_ac_ct_CXX=g++
ac_cv_prog_ac_ct_F77=gfortran
ac_cv_prog_ac_ct_RANLIB=ranlib
ac_cv_prog_cc_c89=
ac_cv_prog_cc_g=yes
ac_cv_prog_cxx_g=yes
ac_cv_prog_f77_g=yes
ac_cv_prog_make_make_set=yes
ac_cv_target=i686-pc-linux-gnu
ac_cv_type__Bool=yes

## ----------------- ##
## Output variables. ##
## ----------------- ##

AR='ar'
AWK='awk'
CC='gcc'
CFLAGS='-O3 -funroll-loops -fPIC -g -O2'
CP='cp -f'
CPP='gcc -E'
CPPFLAGS=''
CXX='g++'
CXXCPP='g++ -E'
CXXFLAGS='-O3 -funroll-loops -fPIC -fno-implicit-templates -g -O2'
DEFS='-DHAVE_CONFIG_H'
ECHO_C=''
ECHO_N='-n'
ECHO_T=''
EGREP='/bin/grep -E'
EXEEXT=''
F77='gfortran'
FFLAGS='-O3 -funroll-loops -fPIC -fdefault-real-8 -fdefault-double-8 -g -O2'
FIND='find'
GREP='/bin/grep'
INSTALL='install'
LDFLAGS=''
LIBOBJS=''
LIBS=''
LIBS_EXTRA=''
LIB_DIR_EXTRA=''
LSMLIB_PARALLEL=''
LTLIBOBJS=''
MAKE='make'
MKDIR='mkdir'
MPIBOOT=''
MPICC=''
MPICXX=''
MPIEXEC=''
MPIF77=''
MPIF90=''
MPIRUN=''
MPIUNBOOT=''
MV='mv -f'
OBJEXT='o'
PACKAGE_BUGREPORT='ktchu@serendipityresearch.org'
PACKAGE_NAME='LSMLIB'
PACKAGE_STRING='LSMLIB 1.0.0'
PACKAGE_TARNAME='lsmlib'
PACKAGE_URL=''
PACKAGE_VERSION='1.0.0'
PARALLEL_PACKAGE=''
PATH_SEPARATOR=':'
RANLIB='ranlib'
RM='rm -f'
SED='sed'
SET_MAKE=''
SHELL='/bin/bash'
XARGS='xargs'
ac_ct_CC='gcc'
ac_ct_CXX='g++'
ac_ct_F77='gfortran'
arch='linux32'
bindir='${exec_prefix}/bin'
build='i686-pc-linux-gnu'
build_alias=''
build_cpu='i686'
build_os='linux-gnu'
build_vendor='pc'
datadir='${datarootdir}'
datarootdir='${prefix}/share'
docdir='${datarootdir}/doc/${PACKAGE_TARNAME}'
dvidir='${docdir}'
exec_prefix='${prefix}'
host='i686-pc-linux-gnu'
host_alias=''
host_cpu='i686'
host_os='linux-gnu'
host_vendor='pc'
htmldir='${docdir}'
includedir='${prefix}/include'
infodir='${datarootdir}/info'
libdir='${exec_prefix}/lib'
libexecdir='${exec_prefix}/libexec'
localedir='${datarootdir}/locale'
localstatedir='${prefix}/var'
lsmlib_zero_tol='1.d-11'
mandir='${datarootdir}/man'
matlab_dir=''
matlab_install_dir=''
mex_extension=''
mex_flags=''
mpi_dir=''
mpi_include_dirs=''
mpi_lib_dir=''
mpi_libs=''
oldincludedir='/usr/include'
pdfdir='${docdir}'
prefix='/usr/local'
program_transform_name='s,x,x,'
psdir='${docdir}'
samrai_dir=''
samrai_inc=''
samrai_lib=''
sbindir='${exec_prefix}/sbin'
sharedstatedir='${prefix}/com'
sysconfdir='${prefix}/etc'
target='i686-pc-linux-gnu'
target_alias=''
target_cpu='i686'
target_os='linux-gnu'
target_vendor='pc'
tiny_nonzero_number='1.d-99'

## ----------- ##
## confdefs.h. ##
## ----------- ##

/* confdefs.h */
#define PACKAGE_NAME "LSMLIB"
#define PACKAGE_TARNAME "lsmlib"
#define PACKAGE_VERSION "1.0.0"
#define PACKAGE_STRING "LSMLIB 1.0.0"
#define PACKAGE_BUGREPORT "ktchu@serendipityresearch.org"
#define PACKAGE_URL ""
#define STDC_HEADERS 1
#define HAVE_SYS_TYPES_H 1
#define HAVE_SYS_STAT_H 1
#define HAVE_STDLIB_H 1
#define HAVE_STRING_H 1
#define HAVE_MEMORY_H 1
#define HAVE_STRINGS_H 1
#define HAVE_INTTYPES_H 1
#define HAVE_STDINT_H 1
#define HAVE_UNISTD_H 1
#define HAVE_FLOAT_H 1
#define HAVE_LIMITS_H 1
#define HAVE__BOOL 1
#define HAVE_STDBOOL_H 1
#define LSMLIB_DOUBLE_PRECISION 1
#define LSMLIB_REAL double
#define LSMLIB_ZERO_TOL 1.e-11
#define LSMLIB_REAL_MAX DBL_MAX
#define LSMLIB_REAL_MIN DBL_MIN
#define LSMLIB_REAL_EPSILON DBL_EPSILON
#define HAVE_STDLIB_H 1
#define HAVE_MALLOC 1

configure: exit 0
